<?xml version="1.0" encoding="UTF-8"?>
<testsuite xmlns:xsi="http://www.w3.org/2001/XMLSchema-instance" xsi:noNamespaceSchemaLocation="https://maven.apache.org/surefire/maven-surefire-plugin/xsd/surefire-test-report.xsd" name="com.digitalmedia.movies.MoviesApiApplicationTests" time="0.041" tests="1" errors="0" skipped="1" failures="0">
  <properties>
    <property name="java.specification.version" value="19"/>
    <property name="sun.jnu.encoding" value="UTF-8"/>
    <property name="java.class.path" value="/Users/isabellaacosta/Documents/DH/Especializacion_BE/BE_II/KeycloakMicro/movies-api/target/test-classes:/Users/isabellaacosta/Documents/DH/Especializacion_BE/BE_II/KeycloakMicro/movies-api/target/classes:/Users/isabellaacosta/.m2/repository/org/springframework/boot/spring-boot-starter-oauth2-client/2.7.0/spring-boot-starter-oauth2-client-2.7.0.jar:/Users/isabellaacosta/.m2/repository/org/springframework/boot/spring-boot-starter/2.7.0/spring-boot-starter-2.7.0.jar:/Users/isabellaacosta/.m2/repository/org/springframework/boot/spring-boot/2.7.0/spring-boot-2.7.0.jar:/Users/isabellaacosta/.m2/repository/org/springframework/boot/spring-boot-autoconfigure/2.7.0/spring-boot-autoconfigure-2.7.0.jar:/Users/isabellaacosta/.m2/repository/org/springframework/boot/spring-boot-starter-logging/2.7.0/spring-boot-starter-logging-2.7.0.jar:/Users/isabellaacosta/.m2/repository/ch/qos/logback/logback-classic/1.2.11/logback-classic-1.2.11.jar:/Users/isabellaacosta/.m2/repository/ch/qos/logback/logback-core/1.2.11/logback-core-1.2.11.jar:/Users/isabellaacosta/.m2/repository/org/apache/logging/log4j/log4j-to-slf4j/2.17.2/log4j-to-slf4j-2.17.2.jar:/Users/isabellaacosta/.m2/repository/org/apache/logging/log4j/log4j-api/2.17.2/log4j-api-2.17.2.jar:/Users/isabellaacosta/.m2/repository/org/slf4j/jul-to-slf4j/1.7.36/jul-to-slf4j-1.7.36.jar:/Users/isabellaacosta/.m2/repository/jakarta/annotation/jakarta.annotation-api/1.3.5/jakarta.annotation-api-1.3.5.jar:/Users/isabellaacosta/.m2/repository/org/yaml/snakeyaml/1.30/snakeyaml-1.30.jar:/Users/isabellaacosta/.m2/repository/org/springframework/security/spring-security-config/5.7.1/spring-security-config-5.7.1.jar:/Users/isabellaacosta/.m2/repository/org/springframework/spring-aop/5.3.20/spring-aop-5.3.20.jar:/Users/isabellaacosta/.m2/repository/org/springframework/spring-beans/5.3.20/spring-beans-5.3.20.jar:/Users/isabellaacosta/.m2/repository/org/springframework/spring-context/5.3.20/spring-context-5.3.20.jar:/Users/isabellaacosta/.m2/repository/org/springframework/security/spring-security-core/5.7.1/spring-security-core-5.7.1.jar:/Users/isabellaacosta/.m2/repository/org/springframework/security/spring-security-crypto/5.7.1/spring-security-crypto-5.7.1.jar:/Users/isabellaacosta/.m2/repository/org/springframework/spring-expression/5.3.20/spring-expression-5.3.20.jar:/Users/isabellaacosta/.m2/repository/org/springframework/security/spring-security-oauth2-client/5.7.1/spring-security-oauth2-client-5.7.1.jar:/Users/isabellaacosta/.m2/repository/org/springframework/security/spring-security-oauth2-core/5.7.1/spring-security-oauth2-core-5.7.1.jar:/Users/isabellaacosta/.m2/repository/org/springframework/security/spring-security-web/5.7.1/spring-security-web-5.7.1.jar:/Users/isabellaacosta/.m2/repository/com/nimbusds/oauth2-oidc-sdk/9.35/oauth2-oidc-sdk-9.35.jar:/Users/isabellaacosta/.m2/repository/com/github/stephenc/jcip/jcip-annotations/1.0-1/jcip-annotations-1.0-1.jar:/Users/isabellaacosta/.m2/repository/com/nimbusds/content-type/2.2/content-type-2.2.jar:/Users/isabellaacosta/.m2/repository/com/nimbusds/lang-tag/1.6/lang-tag-1.6.jar:/Users/isabellaacosta/.m2/repository/org/springframework/security/spring-security-oauth2-jose/5.7.1/spring-security-oauth2-jose-5.7.1.jar:/Users/isabellaacosta/.m2/repository/com/nimbusds/nimbus-jose-jwt/9.22/nimbus-jose-jwt-9.22.jar:/Users/isabellaacosta/.m2/repository/org/springframework/boot/spring-boot-starter-oauth2-resource-server/2.7.0/spring-boot-starter-oauth2-resource-server-2.7.0.jar:/Users/isabellaacosta/.m2/repository/org/springframework/security/spring-security-oauth2-resource-server/5.7.1/spring-security-oauth2-resource-server-5.7.1.jar:/Users/isabellaacosta/.m2/repository/com/fasterxml/jackson/datatype/jackson-datatype-jsr310/2.13.3/jackson-datatype-jsr310-2.13.3.jar:/Users/isabellaacosta/.m2/repository/com/fasterxml/jackson/core/jackson-annotations/2.13.3/jackson-annotations-2.13.3.jar:/Users/isabellaacosta/.m2/repository/com/fasterxml/jackson/core/jackson-core/2.13.3/jackson-core-2.13.3.jar:/Users/isabellaacosta/.m2/repository/com/fasterxml/jackson/core/jackson-databind/2.13.3/jackson-databind-2.13.3.jar:/Users/isabellaacosta/.m2/repository/org/springframework/boot/spring-boot-starter-actuator/2.7.0/spring-boot-starter-actuator-2.7.0.jar:/Users/isabellaacosta/.m2/repository/org/springframework/boot/spring-boot-actuator-autoconfigure/2.7.0/spring-boot-actuator-autoconfigure-2.7.0.jar:/Users/isabellaacosta/.m2/repository/org/springframework/boot/spring-boot-actuator/2.7.0/spring-boot-actuator-2.7.0.jar:/Users/isabellaacosta/.m2/repository/io/micrometer/micrometer-core/1.9.0/micrometer-core-1.9.0.jar:/Users/isabellaacosta/.m2/repository/org/hdrhistogram/HdrHistogram/2.1.12/HdrHistogram-2.1.12.jar:/Users/isabellaacosta/.m2/repository/org/latencyutils/LatencyUtils/2.0.3/LatencyUtils-2.0.3.jar:/Users/isabellaacosta/.m2/repository/org/springframework/boot/spring-boot-starter-data-mongodb/2.7.0/spring-boot-starter-data-mongodb-2.7.0.jar:/Users/isabellaacosta/.m2/repository/org/mongodb/mongodb-driver-sync/4.6.0/mongodb-driver-sync-4.6.0.jar:/Users/isabellaacosta/.m2/repository/org/mongodb/bson/4.6.0/bson-4.6.0.jar:/Users/isabellaacosta/.m2/repository/org/mongodb/mongodb-driver-core/4.6.0/mongodb-driver-core-4.6.0.jar:/Users/isabellaacosta/.m2/repository/org/mongodb/bson-record-codec/4.6.0/bson-record-codec-4.6.0.jar:/Users/isabellaacosta/.m2/repository/org/springframework/data/spring-data-mongodb/3.4.0/spring-data-mongodb-3.4.0.jar:/Users/isabellaacosta/.m2/repository/org/springframework/spring-tx/5.3.20/spring-tx-5.3.20.jar:/Users/isabellaacosta/.m2/repository/org/springframework/data/spring-data-commons/2.7.0/spring-data-commons-2.7.0.jar:/Users/isabellaacosta/.m2/repository/org/slf4j/slf4j-api/1.7.36/slf4j-api-1.7.36.jar:/Users/isabellaacosta/.m2/repository/org/springframework/boot/spring-boot-starter-web/2.7.0/spring-boot-starter-web-2.7.0.jar:/Users/isabellaacosta/.m2/repository/org/springframework/boot/spring-boot-starter-json/2.7.0/spring-boot-starter-json-2.7.0.jar:/Users/isabellaacosta/.m2/repository/com/fasterxml/jackson/datatype/jackson-datatype-jdk8/2.13.3/jackson-datatype-jdk8-2.13.3.jar:/Users/isabellaacosta/.m2/repository/com/fasterxml/jackson/module/jackson-module-parameter-names/2.13.3/jackson-module-parameter-names-2.13.3.jar:/Users/isabellaacosta/.m2/repository/org/springframework/boot/spring-boot-starter-tomcat/2.7.0/spring-boot-starter-tomcat-2.7.0.jar:/Users/isabellaacosta/.m2/repository/org/apache/tomcat/embed/tomcat-embed-core/9.0.63/tomcat-embed-core-9.0.63.jar:/Users/isabellaacosta/.m2/repository/org/apache/tomcat/embed/tomcat-embed-websocket/9.0.63/tomcat-embed-websocket-9.0.63.jar:/Users/isabellaacosta/.m2/repository/org/springframework/spring-web/5.3.20/spring-web-5.3.20.jar:/Users/isabellaacosta/.m2/repository/org/springframework/spring-webmvc/5.3.20/spring-webmvc-5.3.20.jar:/Users/isabellaacosta/.m2/repository/org/springframework/boot/spring-boot-starter-validation/2.7.0/spring-boot-starter-validation-2.7.0.jar:/Users/isabellaacosta/.m2/repository/org/apache/tomcat/embed/tomcat-embed-el/9.0.63/tomcat-embed-el-9.0.63.jar:/Users/isabellaacosta/.m2/repository/org/hibernate/validator/hibernate-validator/6.2.3.Final/hibernate-validator-6.2.3.Final.jar:/Users/isabellaacosta/.m2/repository/jakarta/validation/jakarta.validation-api/2.0.2/jakarta.validation-api-2.0.2.jar:/Users/isabellaacosta/.m2/repository/org/jboss/logging/jboss-logging/3.4.3.Final/jboss-logging-3.4.3.Final.jar:/Users/isabellaacosta/.m2/repository/com/fasterxml/classmate/1.5.1/classmate-1.5.1.jar:/Users/isabellaacosta/.m2/repository/org/mapstruct/mapstruct/1.4.2.Final/mapstruct-1.4.2.Final.jar:/Users/isabellaacosta/.m2/repository/org/springdoc/springdoc-openapi-ui/1.6.8/springdoc-openapi-ui-1.6.8.jar:/Users/isabellaacosta/.m2/repository/org/springdoc/springdoc-openapi-webmvc-core/1.6.8/springdoc-openapi-webmvc-core-1.6.8.jar:/Users/isabellaacosta/.m2/repository/org/springdoc/springdoc-openapi-common/1.6.8/springdoc-openapi-common-1.6.8.jar:/Users/isabellaacosta/.m2/repository/io/swagger/core/v3/swagger-core/2.2.0/swagger-core-2.2.0.jar:/Users/isabellaacosta/.m2/repository/org/apache/commons/commons-lang3/3.12.0/commons-lang3-3.12.0.jar:/Users/isabellaacosta/.m2/repository/com/fasterxml/jackson/dataformat/jackson-dataformat-yaml/2.13.3/jackson-dataformat-yaml-2.13.3.jar:/Users/isabellaacosta/.m2/repository/io/swagger/core/v3/swagger-annotations/2.2.0/swagger-annotations-2.2.0.jar:/Users/isabellaacosta/.m2/repository/io/swagger/core/v3/swagger-models/2.2.0/swagger-models-2.2.0.jar:/Users/isabellaacosta/.m2/repository/org/webjars/swagger-ui/4.10.3/swagger-ui-4.10.3.jar:/Users/isabellaacosta/.m2/repository/org/webjars/webjars-locator-core/0.50/webjars-locator-core-0.50.jar:/Users/isabellaacosta/.m2/repository/io/github/classgraph/classgraph/4.8.143/classgraph-4.8.143.jar:/Users/isabellaacosta/.m2/repository/org/projectlombok/lombok/1.18.24/lombok-1.18.24.jar:/Users/isabellaacosta/.m2/repository/org/springframework/boot/spring-boot-starter-test/2.7.0/spring-boot-starter-test-2.7.0.jar:/Users/isabellaacosta/.m2/repository/org/springframework/boot/spring-boot-test/2.7.0/spring-boot-test-2.7.0.jar:/Users/isabellaacosta/.m2/repository/org/springframework/boot/spring-boot-test-autoconfigure/2.7.0/spring-boot-test-autoconfigure-2.7.0.jar:/Users/isabellaacosta/.m2/repository/com/jayway/jsonpath/json-path/2.7.0/json-path-2.7.0.jar:/Users/isabellaacosta/.m2/repository/net/minidev/json-smart/2.4.8/json-smart-2.4.8.jar:/Users/isabellaacosta/.m2/repository/net/minidev/accessors-smart/2.4.8/accessors-smart-2.4.8.jar:/Users/isabellaacosta/.m2/repository/org/ow2/asm/asm/9.1/asm-9.1.jar:/Users/isabellaacosta/.m2/repository/jakarta/xml/bind/jakarta.xml.bind-api/2.3.3/jakarta.xml.bind-api-2.3.3.jar:/Users/isabellaacosta/.m2/repository/jakarta/activation/jakarta.activation-api/1.2.2/jakarta.activation-api-1.2.2.jar:/Users/isabellaacosta/.m2/repository/org/assertj/assertj-core/3.22.0/assertj-core-3.22.0.jar:/Users/isabellaacosta/.m2/repository/org/hamcrest/hamcrest/2.2/hamcrest-2.2.jar:/Users/isabellaacosta/.m2/repository/org/junit/jupiter/junit-jupiter/5.8.2/junit-jupiter-5.8.2.jar:/Users/isabellaacosta/.m2/repository/org/junit/jupiter/junit-jupiter-api/5.8.2/junit-jupiter-api-5.8.2.jar:/Users/isabellaacosta/.m2/repository/org/opentest4j/opentest4j/1.2.0/opentest4j-1.2.0.jar:/Users/isabellaacosta/.m2/repository/org/junit/platform/junit-platform-commons/1.8.2/junit-platform-commons-1.8.2.jar:/Users/isabellaacosta/.m2/repository/org/apiguardian/apiguardian-api/1.1.2/apiguardian-api-1.1.2.jar:/Users/isabellaacosta/.m2/repository/org/junit/jupiter/junit-jupiter-params/5.8.2/junit-jupiter-params-5.8.2.jar:/Users/isabellaacosta/.m2/repository/org/junit/jupiter/junit-jupiter-engine/5.8.2/junit-jupiter-engine-5.8.2.jar:/Users/isabellaacosta/.m2/repository/org/junit/platform/junit-platform-engine/1.8.2/junit-platform-engine-1.8.2.jar:/Users/isabellaacosta/.m2/repository/org/mockito/mockito-core/4.5.1/mockito-core-4.5.1.jar:/Users/isabellaacosta/.m2/repository/net/bytebuddy/byte-buddy/1.12.10/byte-buddy-1.12.10.jar:/Users/isabellaacosta/.m2/repository/net/bytebuddy/byte-buddy-agent/1.12.10/byte-buddy-agent-1.12.10.jar:/Users/isabellaacosta/.m2/repository/org/objenesis/objenesis/3.2/objenesis-3.2.jar:/Users/isabellaacosta/.m2/repository/org/mockito/mockito-junit-jupiter/4.5.1/mockito-junit-jupiter-4.5.1.jar:/Users/isabellaacosta/.m2/repository/org/skyscreamer/jsonassert/1.5.0/jsonassert-1.5.0.jar:/Users/isabellaacosta/.m2/repository/com/vaadin/external/google/android-json/0.0.20131108.vaadin1/android-json-0.0.20131108.vaadin1.jar:/Users/isabellaacosta/.m2/repository/org/springframework/spring-core/5.3.20/spring-core-5.3.20.jar:/Users/isabellaacosta/.m2/repository/org/springframework/spring-jcl/5.3.20/spring-jcl-5.3.20.jar:/Users/isabellaacosta/.m2/repository/org/springframework/spring-test/5.3.20/spring-test-5.3.20.jar:/Users/isabellaacosta/.m2/repository/org/xmlunit/xmlunit-core/2.9.0/xmlunit-core-2.9.0.jar:"/>
    <property name="java.vm.vendor" value="Oracle Corporation"/>
    <property name="sun.arch.data.model" value="64"/>
    <property name="java.vendor.url" value="https://java.oracle.com/"/>
    <property name="os.name" value="Mac OS X"/>
    <property name="java.vm.specification.version" value="19"/>
    <property name="sun.java.launcher" value="SUN_STANDARD"/>
    <property name="user.country" value="US"/>
    <property name="sun.boot.library.path" value="/Users/isabellaacosta/Library/Java/JavaVirtualMachines/jdk-19.0.2.jdk/Contents/Home/lib"/>
    <property name="sun.java.command" value="/Users/isabellaacosta/Documents/DH/Especializacion_BE/BE_II/KeycloakMicro/movies-api/target/surefire/surefirebooter13918381949416424022.jar /Users/isabellaacosta/Documents/DH/Especializacion_BE/BE_II/KeycloakMicro/movies-api/target/surefire 2023-03-18T17-19-09_181-jvmRun1 surefire473983055152121575tmp surefire_09165500319816404147tmp"/>
    <property name="http.nonProxyHosts" value="local|*.local|169.254/16|*.169.254/16"/>
    <property name="jdk.debug" value="release"/>
    <property name="surefire.test.class.path" value="/Users/isabellaacosta/Documents/DH/Especializacion_BE/BE_II/KeycloakMicro/movies-api/target/test-classes:/Users/isabellaacosta/Documents/DH/Especializacion_BE/BE_II/KeycloakMicro/movies-api/target/classes:/Users/isabellaacosta/.m2/repository/org/springframework/boot/spring-boot-starter-oauth2-client/2.7.0/spring-boot-starter-oauth2-client-2.7.0.jar:/Users/isabellaacosta/.m2/repository/org/springframework/boot/spring-boot-starter/2.7.0/spring-boot-starter-2.7.0.jar:/Users/isabellaacosta/.m2/repository/org/springframework/boot/spring-boot/2.7.0/spring-boot-2.7.0.jar:/Users/isabellaacosta/.m2/repository/org/springframework/boot/spring-boot-autoconfigure/2.7.0/spring-boot-autoconfigure-2.7.0.jar:/Users/isabellaacosta/.m2/repository/org/springframework/boot/spring-boot-starter-logging/2.7.0/spring-boot-starter-logging-2.7.0.jar:/Users/isabellaacosta/.m2/repository/ch/qos/logback/logback-classic/1.2.11/logback-classic-1.2.11.jar:/Users/isabellaacosta/.m2/repository/ch/qos/logback/logback-core/1.2.11/logback-core-1.2.11.jar:/Users/isabellaacosta/.m2/repository/org/apache/logging/log4j/log4j-to-slf4j/2.17.2/log4j-to-slf4j-2.17.2.jar:/Users/isabellaacosta/.m2/repository/org/apache/logging/log4j/log4j-api/2.17.2/log4j-api-2.17.2.jar:/Users/isabellaacosta/.m2/repository/org/slf4j/jul-to-slf4j/1.7.36/jul-to-slf4j-1.7.36.jar:/Users/isabellaacosta/.m2/repository/jakarta/annotation/jakarta.annotation-api/1.3.5/jakarta.annotation-api-1.3.5.jar:/Users/isabellaacosta/.m2/repository/org/yaml/snakeyaml/1.30/snakeyaml-1.30.jar:/Users/isabellaacosta/.m2/repository/org/springframework/security/spring-security-config/5.7.1/spring-security-config-5.7.1.jar:/Users/isabellaacosta/.m2/repository/org/springframework/spring-aop/5.3.20/spring-aop-5.3.20.jar:/Users/isabellaacosta/.m2/repository/org/springframework/spring-beans/5.3.20/spring-beans-5.3.20.jar:/Users/isabellaacosta/.m2/repository/org/springframework/spring-context/5.3.20/spring-context-5.3.20.jar:/Users/isabellaacosta/.m2/repository/org/springframework/security/spring-security-core/5.7.1/spring-security-core-5.7.1.jar:/Users/isabellaacosta/.m2/repository/org/springframework/security/spring-security-crypto/5.7.1/spring-security-crypto-5.7.1.jar:/Users/isabellaacosta/.m2/repository/org/springframework/spring-expression/5.3.20/spring-expression-5.3.20.jar:/Users/isabellaacosta/.m2/repository/org/springframework/security/spring-security-oauth2-client/5.7.1/spring-security-oauth2-client-5.7.1.jar:/Users/isabellaacosta/.m2/repository/org/springframework/security/spring-security-oauth2-core/5.7.1/spring-security-oauth2-core-5.7.1.jar:/Users/isabellaacosta/.m2/repository/org/springframework/security/spring-security-web/5.7.1/spring-security-web-5.7.1.jar:/Users/isabellaacosta/.m2/repository/com/nimbusds/oauth2-oidc-sdk/9.35/oauth2-oidc-sdk-9.35.jar:/Users/isabellaacosta/.m2/repository/com/github/stephenc/jcip/jcip-annotations/1.0-1/jcip-annotations-1.0-1.jar:/Users/isabellaacosta/.m2/repository/com/nimbusds/content-type/2.2/content-type-2.2.jar:/Users/isabellaacosta/.m2/repository/com/nimbusds/lang-tag/1.6/lang-tag-1.6.jar:/Users/isabellaacosta/.m2/repository/org/springframework/security/spring-security-oauth2-jose/5.7.1/spring-security-oauth2-jose-5.7.1.jar:/Users/isabellaacosta/.m2/repository/com/nimbusds/nimbus-jose-jwt/9.22/nimbus-jose-jwt-9.22.jar:/Users/isabellaacosta/.m2/repository/org/springframework/boot/spring-boot-starter-oauth2-resource-server/2.7.0/spring-boot-starter-oauth2-resource-server-2.7.0.jar:/Users/isabellaacosta/.m2/repository/org/springframework/security/spring-security-oauth2-resource-server/5.7.1/spring-security-oauth2-resource-server-5.7.1.jar:/Users/isabellaacosta/.m2/repository/com/fasterxml/jackson/datatype/jackson-datatype-jsr310/2.13.3/jackson-datatype-jsr310-2.13.3.jar:/Users/isabellaacosta/.m2/repository/com/fasterxml/jackson/core/jackson-annotations/2.13.3/jackson-annotations-2.13.3.jar:/Users/isabellaacosta/.m2/repository/com/fasterxml/jackson/core/jackson-core/2.13.3/jackson-core-2.13.3.jar:/Users/isabellaacosta/.m2/repository/com/fasterxml/jackson/core/jackson-databind/2.13.3/jackson-databind-2.13.3.jar:/Users/isabellaacosta/.m2/repository/org/springframework/boot/spring-boot-starter-actuator/2.7.0/spring-boot-starter-actuator-2.7.0.jar:/Users/isabellaacosta/.m2/repository/org/springframework/boot/spring-boot-actuator-autoconfigure/2.7.0/spring-boot-actuator-autoconfigure-2.7.0.jar:/Users/isabellaacosta/.m2/repository/org/springframework/boot/spring-boot-actuator/2.7.0/spring-boot-actuator-2.7.0.jar:/Users/isabellaacosta/.m2/repository/io/micrometer/micrometer-core/1.9.0/micrometer-core-1.9.0.jar:/Users/isabellaacosta/.m2/repository/org/hdrhistogram/HdrHistogram/2.1.12/HdrHistogram-2.1.12.jar:/Users/isabellaacosta/.m2/repository/org/latencyutils/LatencyUtils/2.0.3/LatencyUtils-2.0.3.jar:/Users/isabellaacosta/.m2/repository/org/springframework/boot/spring-boot-starter-data-mongodb/2.7.0/spring-boot-starter-data-mongodb-2.7.0.jar:/Users/isabellaacosta/.m2/repository/org/mongodb/mongodb-driver-sync/4.6.0/mongodb-driver-sync-4.6.0.jar:/Users/isabellaacosta/.m2/repository/org/mongodb/bson/4.6.0/bson-4.6.0.jar:/Users/isabellaacosta/.m2/repository/org/mongodb/mongodb-driver-core/4.6.0/mongodb-driver-core-4.6.0.jar:/Users/isabellaacosta/.m2/repository/org/mongodb/bson-record-codec/4.6.0/bson-record-codec-4.6.0.jar:/Users/isabellaacosta/.m2/repository/org/springframework/data/spring-data-mongodb/3.4.0/spring-data-mongodb-3.4.0.jar:/Users/isabellaacosta/.m2/repository/org/springframework/spring-tx/5.3.20/spring-tx-5.3.20.jar:/Users/isabellaacosta/.m2/repository/org/springframework/data/spring-data-commons/2.7.0/spring-data-commons-2.7.0.jar:/Users/isabellaacosta/.m2/repository/org/slf4j/slf4j-api/1.7.36/slf4j-api-1.7.36.jar:/Users/isabellaacosta/.m2/repository/org/springframework/boot/spring-boot-starter-web/2.7.0/spring-boot-starter-web-2.7.0.jar:/Users/isabellaacosta/.m2/repository/org/springframework/boot/spring-boot-starter-json/2.7.0/spring-boot-starter-json-2.7.0.jar:/Users/isabellaacosta/.m2/repository/com/fasterxml/jackson/datatype/jackson-datatype-jdk8/2.13.3/jackson-datatype-jdk8-2.13.3.jar:/Users/isabellaacosta/.m2/repository/com/fasterxml/jackson/module/jackson-module-parameter-names/2.13.3/jackson-module-parameter-names-2.13.3.jar:/Users/isabellaacosta/.m2/repository/org/springframework/boot/spring-boot-starter-tomcat/2.7.0/spring-boot-starter-tomcat-2.7.0.jar:/Users/isabellaacosta/.m2/repository/org/apache/tomcat/embed/tomcat-embed-core/9.0.63/tomcat-embed-core-9.0.63.jar:/Users/isabellaacosta/.m2/repository/org/apache/tomcat/embed/tomcat-embed-websocket/9.0.63/tomcat-embed-websocket-9.0.63.jar:/Users/isabellaacosta/.m2/repository/org/springframework/spring-web/5.3.20/spring-web-5.3.20.jar:/Users/isabellaacosta/.m2/repository/org/springframework/spring-webmvc/5.3.20/spring-webmvc-5.3.20.jar:/Users/isabellaacosta/.m2/repository/org/springframework/boot/spring-boot-starter-validation/2.7.0/spring-boot-starter-validation-2.7.0.jar:/Users/isabellaacosta/.m2/repository/org/apache/tomcat/embed/tomcat-embed-el/9.0.63/tomcat-embed-el-9.0.63.jar:/Users/isabellaacosta/.m2/repository/org/hibernate/validator/hibernate-validator/6.2.3.Final/hibernate-validator-6.2.3.Final.jar:/Users/isabellaacosta/.m2/repository/jakarta/validation/jakarta.validation-api/2.0.2/jakarta.validation-api-2.0.2.jar:/Users/isabellaacosta/.m2/repository/org/jboss/logging/jboss-logging/3.4.3.Final/jboss-logging-3.4.3.Final.jar:/Users/isabellaacosta/.m2/repository/com/fasterxml/classmate/1.5.1/classmate-1.5.1.jar:/Users/isabellaacosta/.m2/repository/org/mapstruct/mapstruct/1.4.2.Final/mapstruct-1.4.2.Final.jar:/Users/isabellaacosta/.m2/repository/org/springdoc/springdoc-openapi-ui/1.6.8/springdoc-openapi-ui-1.6.8.jar:/Users/isabellaacosta/.m2/repository/org/springdoc/springdoc-openapi-webmvc-core/1.6.8/springdoc-openapi-webmvc-core-1.6.8.jar:/Users/isabellaacosta/.m2/repository/org/springdoc/springdoc-openapi-common/1.6.8/springdoc-openapi-common-1.6.8.jar:/Users/isabellaacosta/.m2/repository/io/swagger/core/v3/swagger-core/2.2.0/swagger-core-2.2.0.jar:/Users/isabellaacosta/.m2/repository/org/apache/commons/commons-lang3/3.12.0/commons-lang3-3.12.0.jar:/Users/isabellaacosta/.m2/repository/com/fasterxml/jackson/dataformat/jackson-dataformat-yaml/2.13.3/jackson-dataformat-yaml-2.13.3.jar:/Users/isabellaacosta/.m2/repository/io/swagger/core/v3/swagger-annotations/2.2.0/swagger-annotations-2.2.0.jar:/Users/isabellaacosta/.m2/repository/io/swagger/core/v3/swagger-models/2.2.0/swagger-models-2.2.0.jar:/Users/isabellaacosta/.m2/repository/org/webjars/swagger-ui/4.10.3/swagger-ui-4.10.3.jar:/Users/isabellaacosta/.m2/repository/org/webjars/webjars-locator-core/0.50/webjars-locator-core-0.50.jar:/Users/isabellaacosta/.m2/repository/io/github/classgraph/classgraph/4.8.143/classgraph-4.8.143.jar:/Users/isabellaacosta/.m2/repository/org/projectlombok/lombok/1.18.24/lombok-1.18.24.jar:/Users/isabellaacosta/.m2/repository/org/springframework/boot/spring-boot-starter-test/2.7.0/spring-boot-starter-test-2.7.0.jar:/Users/isabellaacosta/.m2/repository/org/springframework/boot/spring-boot-test/2.7.0/spring-boot-test-2.7.0.jar:/Users/isabellaacosta/.m2/repository/org/springframework/boot/spring-boot-test-autoconfigure/2.7.0/spring-boot-test-autoconfigure-2.7.0.jar:/Users/isabellaacosta/.m2/repository/com/jayway/jsonpath/json-path/2.7.0/json-path-2.7.0.jar:/Users/isabellaacosta/.m2/repository/net/minidev/json-smart/2.4.8/json-smart-2.4.8.jar:/Users/isabellaacosta/.m2/repository/net/minidev/accessors-smart/2.4.8/accessors-smart-2.4.8.jar:/Users/isabellaacosta/.m2/repository/org/ow2/asm/asm/9.1/asm-9.1.jar:/Users/isabellaacosta/.m2/repository/jakarta/xml/bind/jakarta.xml.bind-api/2.3.3/jakarta.xml.bind-api-2.3.3.jar:/Users/isabellaacosta/.m2/repository/jakarta/activation/jakarta.activation-api/1.2.2/jakarta.activation-api-1.2.2.jar:/Users/isabellaacosta/.m2/repository/org/assertj/assertj-core/3.22.0/assertj-core-3.22.0.jar:/Users/isabellaacosta/.m2/repository/org/hamcrest/hamcrest/2.2/hamcrest-2.2.jar:/Users/isabellaacosta/.m2/repository/org/junit/jupiter/junit-jupiter/5.8.2/junit-jupiter-5.8.2.jar:/Users/isabellaacosta/.m2/repository/org/junit/jupiter/junit-jupiter-api/5.8.2/junit-jupiter-api-5.8.2.jar:/Users/isabellaacosta/.m2/repository/org/opentest4j/opentest4j/1.2.0/opentest4j-1.2.0.jar:/Users/isabellaacosta/.m2/repository/org/junit/platform/junit-platform-commons/1.8.2/junit-platform-commons-1.8.2.jar:/Users/isabellaacosta/.m2/repository/org/apiguardian/apiguardian-api/1.1.2/apiguardian-api-1.1.2.jar:/Users/isabellaacosta/.m2/repository/org/junit/jupiter/junit-jupiter-params/5.8.2/junit-jupiter-params-5.8.2.jar:/Users/isabellaacosta/.m2/repository/org/junit/jupiter/junit-jupiter-engine/5.8.2/junit-jupiter-engine-5.8.2.jar:/Users/isabellaacosta/.m2/repository/org/junit/platform/junit-platform-engine/1.8.2/junit-platform-engine-1.8.2.jar:/Users/isabellaacosta/.m2/repository/org/mockito/mockito-core/4.5.1/mockito-core-4.5.1.jar:/Users/isabellaacosta/.m2/repository/net/bytebuddy/byte-buddy/1.12.10/byte-buddy-1.12.10.jar:/Users/isabellaacosta/.m2/repository/net/bytebuddy/byte-buddy-agent/1.12.10/byte-buddy-agent-1.12.10.jar:/Users/isabellaacosta/.m2/repository/org/objenesis/objenesis/3.2/objenesis-3.2.jar:/Users/isabellaacosta/.m2/repository/org/mockito/mockito-junit-jupiter/4.5.1/mockito-junit-jupiter-4.5.1.jar:/Users/isabellaacosta/.m2/repository/org/skyscreamer/jsonassert/1.5.0/jsonassert-1.5.0.jar:/Users/isabellaacosta/.m2/repository/com/vaadin/external/google/android-json/0.0.20131108.vaadin1/android-json-0.0.20131108.vaadin1.jar:/Users/isabellaacosta/.m2/repository/org/springframework/spring-core/5.3.20/spring-core-5.3.20.jar:/Users/isabellaacosta/.m2/repository/org/springframework/spring-jcl/5.3.20/spring-jcl-5.3.20.jar:/Users/isabellaacosta/.m2/repository/org/springframework/spring-test/5.3.20/spring-test-5.3.20.jar:/Users/isabellaacosta/.m2/repository/org/xmlunit/xmlunit-core/2.9.0/xmlunit-core-2.9.0.jar:"/>
    <property name="sun.cpu.endian" value="little"/>
    <property name="user.home" value="/Users/isabellaacosta"/>
    <property name="user.language" value="en"/>
    <property name="java.specification.vendor" value="Oracle Corporation"/>
    <property name="java.version.date" value="2023-01-17"/>
    <property name="java.home" value="/Users/isabellaacosta/Library/Java/JavaVirtualMachines/jdk-19.0.2.jdk/Contents/Home"/>
    <property name="file.separator" value="/"/>
    <property name="basedir" value="/Users/isabellaacosta/Documents/DH/Especializacion_BE/BE_II/KeycloakMicro/movies-api"/>
    <property name="java.vm.compressedOopsMode" value="Zero based"/>
    <property name="line.separator" value="&#10;"/>
    <property name="java.vm.specification.vendor" value="Oracle Corporation"/>
    <property name="java.specification.name" value="Java Platform API Specification"/>
    <property name="apple.awt.application.name" value="ForkedBooter"/>
    <property name="surefire.real.class.path" value="/Users/isabellaacosta/Documents/DH/Especializacion_BE/BE_II/KeycloakMicro/movies-api/target/surefire/surefirebooter13918381949416424022.jar"/>
    <property name="sun.management.compiler" value="HotSpot 64-Bit Tiered Compilers"/>
    <property name="ftp.nonProxyHosts" value="local|*.local|169.254/16|*.169.254/16"/>
    <property name="java.runtime.version" value="19.0.2+7-44"/>
    <property name="user.name" value="isabellaacosta"/>
    <property name="stdout.encoding" value="UTF-8"/>
    <property name="path.separator" value=":"/>
    <property name="os.version" value="10.13.6"/>
    <property name="java.runtime.name" value="OpenJDK Runtime Environment"/>
    <property name="file.encoding" value="UTF-8"/>
    <property name="java.vm.name" value="OpenJDK 64-Bit Server VM"/>
    <property name="localRepository" value="/Users/isabellaacosta/.m2/repository"/>
    <property name="java.vendor.url.bug" value="https://bugreport.java.com/bugreport/"/>
    <property name="java.io.tmpdir" value="/var/folders/rj/q6w83x7x3bscm4rc976kv0vh0000gn/T/"/>
    <property name="idea.version" value="2022.3"/>
    <property name="java.version" value="19.0.2"/>
    <property name="user.dir" value="/Users/isabellaacosta/Documents/DH/Especializacion_BE/BE_II/KeycloakMicro/movies-api"/>
    <property name="os.arch" value="x86_64"/>
    <property name="java.vm.specification.name" value="Java Virtual Machine Specification"/>
    <property name="native.encoding" value="UTF-8"/>
    <property name="java.library.path" value="/Users/isabellaacosta/Library/Java/Extensions:/Library/Java/Extensions:/Network/Library/Java/Extensions:/System/Library/Java/Extensions:/usr/lib/java:."/>
    <property name="java.vm.info" value="mixed mode, sharing"/>
    <property name="stderr.encoding" value="UTF-8"/>
    <property name="java.vendor" value="Oracle Corporation"/>
    <property name="java.vm.version" value="19.0.2+7-44"/>
    <property name="sun.io.unicode.encoding" value="UnicodeBig"/>
    <property name="socksNonProxyHosts" value="local|*.local|169.254/16|*.169.254/16"/>
    <property name="java.class.version" value="63.0"/>
  </properties>
  <testcase name="com.digitalmedia.movies.MoviesApiApplicationTests" classname="com.digitalmedia.movies.MoviesApiApplicationTests" time="0">
    <skipped message="class com.digitalmedia.movies.MoviesApiApplicationTests is @Disabled"/>
  </testcase>
</testsuite>